[debug] [2025-04-23T17:55:03.054Z] ----------------------------------------------------------------------
[debug] [2025-04-23T17:55:03.057Z] Command:       C:\Program Files\nodejs\node.exe C:\Users\sasit\CU\1-2\SE\Lab\11\GitHubActionPractice-\node_modules\firebase-tools\lib\bin\firebase.js init hosting
[debug] [2025-04-23T17:55:03.058Z] CLI Version:   14.2.0
[debug] [2025-04-23T17:55:03.058Z] Platform:      win32
[debug] [2025-04-23T17:55:03.058Z] Node Version:  v22.14.0
[debug] [2025-04-23T17:55:03.058Z] Time:          Thu Apr 24 2025 00:55:03 GMT+0700 (Indochina Time)
[debug] [2025-04-23T17:55:03.058Z] ----------------------------------------------------------------------
[debug] 
[debug] [2025-04-23T17:55:03.229Z] > command requires scopes: ["email","openid","https://www.googleapis.com/auth/cloudplatformprojects.readonly","https://www.googleapis.com/auth/firebase","https://www.googleapis.com/auth/cloud-platform"]
[debug] [2025-04-23T17:55:03.230Z] > authorizing via signed-in user (6733270421@student.chula.ac.th)
[info] 
     ######## #### ########  ######## ########     ###     ######  ########
     ##        ##  ##     ## ##       ##     ##  ##   ##  ##       ##
     ######    ##  ########  ######   ########  #########  ######  ######
     ##        ##  ##    ##  ##       ##     ## ##     ##       ## ##
     ##       #### ##     ## ######## ########  ##     ##  ######  ########

You're about to initialize a Firebase project in this directory:

  C:\Users\sasit\CU\1-2\SE\Lab\11\GitHubActionPractice-

Before we get started, keep in mind:

  * You are initializing within an existing Firebase project directory

[info] 
=== Project Setup
[info] 
[info] First, let's associate this project directory with a Firebase project.
[info] You can create multiple project aliases by running firebase use --add, 
[info] but for now we'll just set up a default project.
[info] 
[debug] [2025-04-23T17:55:13.662Z] Using project from CLI flag: fireship-lessons
[debug] [2025-04-23T17:55:13.664Z] Checked if tokens are valid: true, expires at: 1745434476378
[debug] [2025-04-23T17:55:13.664Z] Checked if tokens are valid: true, expires at: 1745434476378
[debug] [2025-04-23T17:55:13.665Z] >>> [apiv2][query] GET https://firebase.googleapis.com/v1beta1/projects/fireship-lessons [none]
[debug] [2025-04-23T17:55:14.135Z] <<< [apiv2][status] GET https://firebase.googleapis.com/v1beta1/projects/fireship-lessons 403
[debug] [2025-04-23T17:55:14.135Z] <<< [apiv2][body] GET https://firebase.googleapis.com/v1beta1/projects/fireship-lessons {"error":{"code":403,"message":"The caller does not have permission","status":"PERMISSION_DENIED"}}
[debug] [2025-04-23T17:55:14.135Z] Request to https://firebase.googleapis.com/v1beta1/projects/fireship-lessons had HTTP Error: 403, The caller does not have permission
[debug] [2025-04-23T17:55:14.232Z] FirebaseError: Request to https://firebase.googleapis.com/v1beta1/projects/fireship-lessons had HTTP Error: 403, The caller does not have permission
    at responseToError (C:\Users\sasit\CU\1-2\SE\Lab\11\GitHubActionPractice-\node_modules\firebase-tools\lib\responseToError.js:52:12)
    at RetryOperation._fn (C:\Users\sasit\CU\1-2\SE\Lab\11\GitHubActionPractice-\node_modules\firebase-tools\lib\apiv2.js:312:77)
    at process.processTicksAndRejections (node:internal/process/task_queues:105:5)
[error] 
[error] Error: Failed to get Firebase project fireship-lessons. Please make sure the project exists and your account has permission to access it.
